  OpenCVApplication.cpp
d:\facultate\an iii\semester 2\image processing\opencvapplication-vs2017_ocv340_basic\opencvapplication.cpp(685): warning C4244: '=': conversion from 'float' to '_Tp', possible loss of data
          with
          [
              _Tp=uchar
          ]
d:\facultate\an iii\semester 2\image processing\opencvapplication-vs2017_ocv340_basic\opencvapplication.cpp(686): warning C4244: '=': conversion from 'float' to '_Tp', possible loss of data
          with
          [
              _Tp=uchar
          ]
d:\facultate\an iii\semester 2\image processing\opencvapplication-vs2017_ocv340_basic\opencvapplication.cpp(687): warning C4244: '=': conversion from 'float' to '_Tp', possible loss of data
          with
          [
              _Tp=uchar
          ]
d:\facultate\an iii\semester 2\image processing\opencvapplication-vs2017_ocv340_basic\opencvapplication.cpp(745): warning C4305: 'initializing': truncation from 'double' to 'float'
d:\facultate\an iii\semester 2\image processing\opencvapplication-vs2017_ocv340_basic\opencvapplication.cpp(820): warning C4305: 'initializing': truncation from 'double' to 'float'
d:\facultate\an iii\semester 2\image processing\opencvapplication-vs2017_ocv340_basic\opencvapplication.cpp(891): warning C4244: 'initializing': conversion from 'int' to 'float', possible loss of data
d:\facultate\an iii\semester 2\image processing\opencvapplication-vs2017_ocv340_basic\opencvapplication.cpp(893): warning C4244: '=': conversion from 'double' to '_Tp', possible loss of data
          with
          [
              _Tp=uchar
          ]
d:\facultate\an iii\semester 2\image processing\opencvapplication-vs2017_ocv340_basic\opencvapplication.cpp(894): warning C4244: '=': conversion from 'double' to '_Tp', possible loss of data
          with
          [
              _Tp=uchar
          ]
d:\facultate\an iii\semester 2\image processing\opencvapplication-vs2017_ocv340_basic\opencvapplication.cpp(895): warning C4244: '=': conversion from 'double' to '_Tp', possible loss of data
          with
          [
              _Tp=uchar
          ]
d:\facultate\an iii\semester 2\image processing\opencvapplication-vs2017_ocv340_basic\opencvapplication.cpp(896): warning C4244: '=': conversion from 'double' to '_Tp', possible loss of data
          with
          [
              _Tp=uchar
          ]
d:\facultate\an iii\semester 2\image processing\opencvapplication-vs2017_ocv340_basic\opencvapplication.cpp(947): warning C4244: '=': conversion from 'float' to 'int', possible loss of data
d:\facultate\an iii\semester 2\image processing\opencvapplication-vs2017_ocv340_basic\opencvapplication.cpp(948): warning C4244: '=': conversion from 'float' to 'int', possible loss of data
d:\facultate\an iii\semester 2\image processing\opencvapplication-vs2017_ocv340_basic\opencvapplication.cpp(973): warning C4305: '+=': truncation from 'double' to 'float'
d:\facultate\an iii\semester 2\image processing\opencvapplication-vs2017_ocv340_basic\opencvapplication.cpp(976): warning C4244: 'initializing': conversion from 'double' to 'float', possible loss of data
d:\facultate\an iii\semester 2\image processing\opencvapplication-vs2017_ocv340_basic\opencvapplication.cpp(1005): warning C4305: '*=': truncation from 'double' to 'float'
d:\facultate\an iii\semester 2\image processing\opencvapplication-vs2017_ocv340_basic\opencvapplication.cpp(1012): warning C4244: 'initializing': conversion from 'double' to 'float', possible loss of data
d:\facultate\an iii\semester 2\image processing\opencvapplication-vs2017_ocv340_basic\opencvapplication.cpp(1035): warning C4244: 'initializing': conversion from 'float' to 'int', possible loss of data
d:\facultate\an iii\semester 2\image processing\opencvapplication-vs2017_ocv340_basic\opencvapplication.cpp(1036): warning C4244: 'initializing': conversion from 'float' to 'int', possible loss of data
d:\facultate\an iii\semester 2\image processing\opencvapplication-vs2017_ocv340_basic\opencvapplication.cpp(1279): warning C4101: 'neighbors': unreferenced local variable
d:\facultate\an iii\semester 2\image processing\opencvapplication-vs2017_ocv340_basic\opencvapplication.cpp(1505): warning C4477: 'printf' : format string '%d' requires an argument of type 'int', but variadic argument 1 has type 'unsigned __int64'
  d:\facultate\an iii\semester 2\image processing\opencvapplication-vs2017_ocv340_basic\opencvapplication.cpp(1505): note: consider using '%zd' in the format string
d:\facultate\an iii\semester 2\image processing\opencvapplication-vs2017_ocv340_basic\opencvapplication.cpp(1505): warning C4477: 'printf' : format string '%d' requires an argument of type 'int', but variadic argument 2 has type 'unsigned __int64'
  d:\facultate\an iii\semester 2\image processing\opencvapplication-vs2017_ocv340_basic\opencvapplication.cpp(1505): note: consider using '%zd' in the format string
d:\facultate\an iii\semester 2\image processing\opencvapplication-vs2017_ocv340_basic\opencvapplication.cpp(1422): warning C4101: 'startingIndex': unreferenced local variable
d:\facultate\an iii\semester 2\image processing\opencvapplication-vs2017_ocv340_basic\opencvapplication.cpp(1951): warning C4244: 'argument': conversion from 'time_t' to 'unsigned int', possible loss of data
d:\facultate\an iii\semester 2\image processing\opencvapplication-vs2017_ocv340_basic\opencvapplication.cpp(2125): warning C4244: '=': conversion from 'float' to 'int', possible loss of data
d:\facultate\an iii\semester 2\image processing\opencvapplication-vs2017_ocv340_basic\opencvapplication.cpp(2126): warning C4244: '=': conversion from 'float' to 'int', possible loss of data
d:\facultate\an iii\semester 2\image processing\opencvapplication-vs2017_ocv340_basic\opencvapplication.cpp(2151): warning C4305: '+=': truncation from 'double' to 'float'
d:\facultate\an iii\semester 2\image processing\opencvapplication-vs2017_ocv340_basic\opencvapplication.cpp(2154): warning C4244: 'initializing': conversion from 'double' to 'float', possible loss of data
d:\facultate\an iii\semester 2\image processing\opencvapplication-vs2017_ocv340_basic\opencvapplication.cpp(2374): warning C4477: 'printf' : format string '%d' requires an argument of type 'int', but variadic argument 1 has type 'unsigned __int64'
  d:\facultate\an iii\semester 2\image processing\opencvapplication-vs2017_ocv340_basic\opencvapplication.cpp(2374): note: consider using '%zd' in the format string
d:\facultate\an iii\semester 2\image processing\opencvapplication-vs2017_ocv340_basic\opencvapplication.cpp(2381): warning C4477: 'printf' : format string '%d' requires an argument of type 'int', but variadic argument 1 has type 'unsigned __int64'
  d:\facultate\an iii\semester 2\image processing\opencvapplication-vs2017_ocv340_basic\opencvapplication.cpp(2381): note: consider using '%zd' in the format string
d:\facultate\an iii\semester 2\image processing\opencvapplication-vs2017_ocv340_basic\opencvapplication.cpp(2570): warning C4244: '=': conversion from 'float' to '_Tp', possible loss of data
          with
          [
              _Tp=uchar
          ]
d:\facultate\an iii\semester 2\image processing\opencvapplication-vs2017_ocv340_basic\opencvapplication.cpp(2599): warning C4244: '=': conversion from 'float' to '_Tp', possible loss of data
          with
          [
              _Tp=uchar
          ]
d:\facultate\an iii\semester 2\image processing\opencvapplication-vs2017_ocv340_basic\opencvapplication.cpp(2628): warning C4244: '=': conversion from 'float' to '_Tp', possible loss of data
          with
          [
              _Tp=uchar
          ]
d:\facultate\an iii\semester 2\image processing\opencvapplication-vs2017_ocv340_basic\opencvapplication.cpp(2649): warning C4244: '=': conversion from 'float' to '_Tp', possible loss of data
          with
          [
              _Tp=uchar
          ]
d:\facultate\an iii\semester 2\image processing\opencvapplication-vs2017_ocv340_basic\opencvapplication.cpp(2397): warning C4101: 'neighbors': unreferenced local variable
d:\facultate\an iii\semester 2\image processing\opencvapplication-vs2017_ocv340_basic\opencvapplication.cpp(2690): warning C4244: 'initializing': conversion from 'double' to 'int', possible loss of data
d:\facultate\an iii\semester 2\image processing\opencvapplication-vs2017_ocv340_basic\opencvapplication.cpp(2692): warning C4244: 'initializing': conversion from 'double' to 'int', possible loss of data
d:\facultate\an iii\semester 2\image processing\opencvapplication-vs2017_ocv340_basic\opencvapplication.cpp(2699): warning C4244: 'argument': conversion from 'double' to 'int', possible loss of data
d:\facultate\an iii\semester 2\image processing\opencvapplication-vs2017_ocv340_basic\opencvapplication.cpp(2717): warning C4244: '=': conversion from 'double' to '_Tp', possible loss of data
          with
          [
              _Tp=uchar
          ]
d:\facultate\an iii\semester 2\image processing\opencvapplication-vs2017_ocv340_basic\opencvapplication.cpp(2770): warning C4244: 'initializing': conversion from 'float' to 'int', possible loss of data
d:\facultate\an iii\semester 2\image processing\opencvapplication-vs2017_ocv340_basic\opencvapplication.cpp(2780): warning C4244: '=': conversion from 'float' to 'int', possible loss of data
d:\facultate\an iii\semester 2\image processing\opencvapplication-vs2017_ocv340_basic\opencvapplication.cpp(2839): warning C4244: 'initializing': conversion from 'int' to 'float', possible loss of data
d:\facultate\an iii\semester 2\image processing\opencvapplication-vs2017_ocv340_basic\opencvapplication.cpp(2854): warning C4244: 'initializing': conversion from 'int' to 'float', possible loss of data
d:\facultate\an iii\semester 2\image processing\opencvapplication-vs2017_ocv340_basic\opencvapplication.cpp(2871): warning C4244: 'initializing': conversion from 'int' to 'float', possible loss of data
d:\facultate\an iii\semester 2\image processing\opencvapplication-vs2017_ocv340_basic\opencvapplication.cpp(2891): warning C4244: 'initializing': conversion from 'int' to 'float', possible loss of data
d:\facultate\an iii\semester 2\image processing\opencvapplication-vs2017_ocv340_basic\opencvapplication.cpp(3020): warning C4244: 'initializing': conversion from 'double' to 'float', possible loss of data
d:\facultate\an iii\semester 2\image processing\opencvapplication-vs2017_ocv340_basic\opencvapplication.cpp(3027): warning C4244: 'initializing': conversion from 'double' to 'float', possible loss of data
d:\facultate\an iii\semester 2\image processing\opencvapplication-vs2017_ocv340_basic\opencvapplication.cpp(3062): warning C4244: '=': conversion from 'float' to '_Tp', possible loss of data
          with
          [
              _Tp=uchar
          ]
d:\facultate\an iii\semester 2\image processing\opencvapplication-vs2017_ocv340_basic\opencvapplication.cpp(3088): warning C4244: 'initializing': conversion from 'double' to 'float', possible loss of data
d:\facultate\an iii\semester 2\image processing\opencvapplication-vs2017_ocv340_basic\opencvapplication.cpp(3096): warning C4244: 'initializing': conversion from 'double' to 'float', possible loss of data
d:\facultate\an iii\semester 2\image processing\opencvapplication-vs2017_ocv340_basic\opencvapplication.cpp(3109): warning C4244: 'initializing': conversion from 'double' to 'float', possible loss of data
d:\facultate\an iii\semester 2\image processing\opencvapplication-vs2017_ocv340_basic\opencvapplication.cpp(3145): warning C4244: '=': conversion from 'float' to '_Tp', possible loss of data
          with
          [
              _Tp=uchar
          ]
d:\facultate\an iii\semester 2\image processing\opencvapplication-vs2017_ocv340_basic\opencvapplication.cpp(3163): warning C4244: '=': conversion from 'float' to '_Tp', possible loss of data
          with
          [
              _Tp=uchar
          ]
d:\facultate\an iii\semester 2\image processing\opencvapplication-vs2017_ocv340_basic\opencvapplication.cpp(3192): warning C4244: '+=': conversion from '_Tp' to 'float', possible loss of data
          with
          [
              _Tp=double
          ]
d:\facultate\an iii\semester 2\image processing\opencvapplication-vs2017_ocv340_basic\opencvapplication.cpp(3231): warning C4244: 'initializing': conversion from 'double' to 'float', possible loss of data
d:\facultate\an iii\semester 2\image processing\opencvapplication-vs2017_ocv340_basic\opencvapplication.cpp(3238): warning C4244: 'initializing': conversion from 'double' to 'float', possible loss of data
d:\facultate\an iii\semester 2\image processing\opencvapplication-vs2017_ocv340_basic\opencvapplication.cpp(3265): warning C4244: '=': conversion from 'float' to '_Tp', possible loss of data
          with
          [
              _Tp=uchar
          ]
d:\facultate\an iii\semester 2\image processing\opencvapplication-vs2017_ocv340_basic\opencvapplication.cpp(3341): warning C4244: '/=': conversion from 'double' to 'float', possible loss of data
d:\facultate\an iii\semester 2\image processing\opencvapplication-vs2017_ocv340_basic\opencvapplication.cpp(3343): warning C4244: '=': conversion from 'float' to '_Tp', possible loss of data
          with
          [
              _Tp=uchar
          ]
d:\facultate\an iii\semester 2\image processing\opencvapplication-vs2017_ocv340_basic\opencvapplication.cpp(3394): warning C4244: '=': conversion from '_Tp' to '_Tp', possible loss of data
          with
          [
              _Tp=float
          ]
          and
          [
              _Tp=uchar
          ]
d:\facultate\an iii\semester 2\image processing\opencvapplication-vs2017_ocv340_basic\opencvapplication.cpp(3413): warning C4244: 'initializing': conversion from 'float' to 'int', possible loss of data
d:\facultate\an iii\semester 2\image processing\opencvapplication-vs2017_ocv340_basic\opencvapplication.cpp(3423): warning C4244: '=': conversion from 'int' to 'float', possible loss of data
d:\facultate\an iii\semester 2\image processing\opencvapplication-vs2017_ocv340_basic\opencvapplication.cpp(3551): warning C4244: '=': conversion from 'float' to 'int', possible loss of data
d:\facultate\an iii\semester 2\image processing\opencvapplication-vs2017_ocv340_basic\opencvapplication.cpp(3552): warning C4244: '=': conversion from 'float' to 'int', possible loss of data
d:\facultate\an iii\semester 2\image processing\opencvapplication-vs2017_ocv340_basic\opencvapplication.cpp(3561): warning C4244: 'argument': conversion from 'float' to 'int', possible loss of data
d:\facultate\an iii\semester 2\image processing\opencvapplication-vs2017_ocv340_basic\opencvapplication.cpp(3587): warning C4244: 'argument': conversion from 'float' to '_Tp', possible loss of data
          with
          [
              _Tp=int
          ]
d:\facultate\an iii\semester 2\image processing\opencvapplication-vs2017_ocv340_basic\opencvapplication.cpp(3588): warning C4244: 'argument': conversion from 'float' to '_Tp', possible loss of data
          with
          [
              _Tp=int
          ]
d:\facultate\an iii\semester 2\image processing\opencvapplication-vs2017_ocv340_basic\opencvapplication.cpp(3632): warning C4244: '=': conversion from 'float' to 'int', possible loss of data
d:\facultate\an iii\semester 2\image processing\opencvapplication-vs2017_ocv340_basic\opencvapplication.cpp(3633): warning C4244: '=': conversion from 'float' to 'int', possible loss of data
d:\facultate\an iii\semester 2\image processing\opencvapplication-vs2017_ocv340_basic\opencvapplication.cpp(3642): warning C4244: 'argument': conversion from 'float' to 'int', possible loss of data
d:\facultate\an iii\semester 2\image processing\opencvapplication-vs2017_ocv340_basic\opencvapplication.cpp(3656): warning C4244: 'initializing': conversion from 'double' to 'float', possible loss of data
d:\facultate\an iii\semester 2\image processing\opencvapplication-vs2017_ocv340_basic\opencvapplication.cpp(3664): warning C4244: 'argument': conversion from 'float' to '_Tp', possible loss of data
          with
          [
              _Tp=int
          ]
d:\facultate\an iii\semester 2\image processing\opencvapplication-vs2017_ocv340_basic\opencvapplication.cpp(3665): warning C4244: 'argument': conversion from 'float' to '_Tp', possible loss of data
          with
          [
              _Tp=int
          ]
d:\facultate\an iii\semester 2\image processing\opencvapplication-vs2017_ocv340_basic\opencvapplication.cpp(3670): warning C4244: 'argument': conversion from 'float' to '_Tp', possible loss of data
          with
          [
              _Tp=int
          ]
d:\facultate\an iii\semester 2\image processing\opencvapplication-vs2017_ocv340_basic\opencvapplication.cpp(3671): warning C4244: 'argument': conversion from 'float' to '_Tp', possible loss of data
          with
          [
              _Tp=int
          ]
d:\facultate\an iii\semester 2\image processing\opencvapplication-vs2017_ocv340_basic\opencvapplication.cpp(3685): warning C4244: 'argument': conversion from 'time_t' to 'unsigned int', possible loss of data
d:\facultate\an iii\semester 2\image processing\opencvapplication-vs2017_ocv340_basic\opencvapplication.cpp(3706): warning C4305: 'initializing': truncation from 'double' to 'float'
d:\facultate\an iii\semester 2\image processing\opencvapplication-vs2017_ocv340_basic\opencvapplication.cpp(3707): warning C4305: 'initializing': truncation from 'double' to 'float'
d:\facultate\an iii\semester 2\image processing\opencvapplication-vs2017_ocv340_basic\opencvapplication.cpp(3738): warning C4244: 'initializing': conversion from 'int' to 'float', possible loss of data
d:\facultate\an iii\semester 2\image processing\opencvapplication-vs2017_ocv340_basic\opencvapplication.cpp(3739): warning C4244: 'initializing': conversion from 'double' to 'float', possible loss of data
d:\facultate\an iii\semester 2\image processing\opencvapplication-vs2017_ocv340_basic\opencvapplication.cpp(3777): warning C4244: 'initializing': conversion from 'double' to 'int', possible loss of data
d:\facultate\an iii\semester 2\image processing\opencvapplication-vs2017_ocv340_basic\opencvapplication.cpp(3807): warning C4244: '=': conversion from 'double' to 'int', possible loss of data
d:\facultate\an iii\semester 2\image processing\opencvapplication-vs2017_ocv340_basic\opencvapplication.cpp(4049): warning C4244: 'initializing': conversion from 'float' to 'int', possible loss of data
d:\facultate\an iii\semester 2\image processing\opencvapplication-vs2017_ocv340_basic\opencvapplication.cpp(4050): warning C4244: 'initializing': conversion from 'float' to 'int', possible loss of data
d:\facultate\an iii\semester 2\image processing\opencvapplication-vs2017_ocv340_basic\opencvapplication.cpp(4053): warning C4244: '+=': conversion from 'double' to 'float', possible loss of data
d:\facultate\an iii\semester 2\image processing\opencvapplication-vs2017_ocv340_basic\opencvapplication.cpp(4054): warning C4244: '+=': conversion from 'double' to 'float', possible loss of data
d:\facultate\an iii\semester 2\image processing\opencvapplication-vs2017_ocv340_basic\opencvapplication.cpp(4144): warning C4244: 'argument': conversion from 'double' to 'int', possible loss of data
d:\facultate\an iii\semester 2\image processing\opencvapplication-vs2017_ocv340_basic\opencvapplication.cpp(4170): warning C4244: 'argument': conversion from 'double' to 'int', possible loss of data
d:\facultate\an iii\semester 2\image processing\opencvapplication-vs2017_ocv340_basic\opencvapplication.cpp(4197): warning C4244: 'argument': conversion from 'double' to 'int', possible loss of data
d:\facultate\an iii\semester 2\image processing\opencvapplication-vs2017_ocv340_basic\opencvapplication.cpp(4228): warning C4244: 'argument': conversion from 'double' to 'int', possible loss of data
d:\facultate\an iii\semester 2\image processing\opencvapplication-vs2017_ocv340_basic\opencvapplication.cpp(4231): warning C4244: 'argument': conversion from '_Tp' to 'int', possible loss of data
          with
          [
              _Tp=double
          ]
d:\facultate\an iii\semester 2\image processing\opencvapplication-vs2017_ocv340_basic\opencvapplication.cpp(4131): warning C4101: 'height': unreferenced local variable
d:\facultate\an iii\semester 2\image processing\opencvapplication-vs2017_ocv340_basic\opencvapplication.cpp(4132): warning C4101: 'width': unreferenced local variable
d:\facultate\an iii\semester 2\image processing\opencvapplication-vs2017_ocv340_basic\opencvapplication.cpp(4257): warning C4244: 'argument': conversion from 'time_t' to 'unsigned int', possible loss of data
d:\facultate\an iii\semester 2\image processing\opencvapplication-vs2017_ocv340_basic\opencvapplication.cpp(4320): warning C4244: 'initializing': conversion from 'double' to 'int', possible loss of data
d:\facultate\an iii\semester 2\image processing\opencvapplication-vs2017_ocv340_basic\opencvapplication.cpp(4321): warning C4244: 'initializing': conversion from 'double' to 'int', possible loss of data
d:\facultate\an iii\semester 2\image processing\opencvapplication-vs2017_ocv340_basic\opencvapplication.cpp(4322): warning C4244: 'initializing': conversion from 'double' to 'int', possible loss of data
d:\facultate\an iii\semester 2\image processing\opencvapplication-vs2017_ocv340_basic\opencvapplication.cpp(4407): warning C4244: 'initializing': conversion from 'double' to 'int', possible loss of data
d:\facultate\an iii\semester 2\image processing\opencvapplication-vs2017_ocv340_basic\opencvapplication.cpp(4408): warning C4244: 'initializing': conversion from 'double' to 'int', possible loss of data
d:\facultate\an iii\semester 2\image processing\opencvapplication-vs2017_ocv340_basic\opencvapplication.cpp(4409): warning C4244: 'initializing': conversion from 'double' to 'int', possible loss of data
d:\facultate\an iii\semester 2\image processing\opencvapplication-vs2017_ocv340_basic\opencvapplication.cpp(4482): warning C4244: '=': conversion from 'int' to '_Tp', possible loss of data
          with
          [
              _Tp=float
          ]
d:\facultate\an iii\semester 2\image processing\opencvapplication-vs2017_ocv340_basic\opencvapplication.cpp(4488): warning C4244: '=': conversion from 'int' to '_Tp', possible loss of data
          with
          [
              _Tp=float
          ]
d:\facultate\an iii\semester 2\image processing\opencvapplication-vs2017_ocv340_basic\opencvapplication.cpp(4494): warning C4244: '=': conversion from 'int' to '_Tp', possible loss of data
          with
          [
              _Tp=float
          ]
d:\facultate\an iii\semester 2\image processing\opencvapplication-vs2017_ocv340_basic\opencvapplication.cpp(4552): warning C4244: '=': conversion from 'int' to '_Tp', possible loss of data
          with
          [
              _Tp=float
          ]
d:\facultate\an iii\semester 2\image processing\opencvapplication-vs2017_ocv340_basic\opencvapplication.cpp(4558): warning C4244: '=': conversion from 'int' to '_Tp', possible loss of data
          with
          [
              _Tp=float
          ]
d:\facultate\an iii\semester 2\image processing\opencvapplication-vs2017_ocv340_basic\opencvapplication.cpp(4564): warning C4244: '=': conversion from 'int' to '_Tp', possible loss of data
          with
          [
              _Tp=float
          ]
d:\facultate\an iii\semester 2\image processing\opencvapplication-vs2017_ocv340_basic\opencvapplication.cpp(4593): warning C4244: 'initializing': conversion from 'double' to 'int', possible loss of data
d:\facultate\an iii\semester 2\image processing\opencvapplication-vs2017_ocv340_basic\opencvapplication.cpp(4621): warning C4244: '+=': conversion from '_Tp' to 'int', possible loss of data
          with
          [
              _Tp=float
          ]
d:\facultate\an iii\semester 2\image processing\opencvapplication-vs2017_ocv340_basic\opencvapplication.cpp(4625): warning C4244: '+=': conversion from '_Tp' to 'int', possible loss of data
          with
          [
              _Tp=float
          ]
d:\facultate\an iii\semester 2\image processing\opencvapplication-vs2017_ocv340_basic\opencvapplication.cpp(4652): warning C4244: 'argument': conversion from 'time_t' to 'unsigned int', possible loss of data
d:\facultate\an iii\semester 2\image processing\opencvapplication-vs2017_ocv340_basic\opencvapplication.cpp(5198): warning C4244: '=': conversion from 'float' to 'int', possible loss of data
d:\facultate\an iii\semester 2\image processing\opencvapplication-vs2017_ocv340_basic\opencvapplication.cpp(5199): warning C4244: '=': conversion from 'float' to 'int', possible loss of data
d:\facultate\an iii\semester 2\image processing\opencvapplication-vs2017_ocv340_basic\opencvapplication.cpp(5276): warning C4477: 'printf' : format string '%d' requires an argument of type 'int', but variadic argument 1 has type 'unsigned __int64'
  d:\facultate\an iii\semester 2\image processing\opencvapplication-vs2017_ocv340_basic\opencvapplication.cpp(5276): note: consider using '%zd' in the format string
d:\facultate\an iii\semester 2\image processing\opencvapplication-vs2017_ocv340_basic\opencvapplication.cpp(5259): warning C4101: 'neighbors': unreferenced local variable
d:\facultate\an iii\semester 2\image processing\opencvapplication-vs2017_ocv340_basic\opencvapplication.cpp(5341): warning C4477: 'printf' : format string '%d' requires an argument of type 'int', but variadic argument 1 has type 'unsigned __int64'
  d:\facultate\an iii\semester 2\image processing\opencvapplication-vs2017_ocv340_basic\opencvapplication.cpp(5341): note: consider using '%zd' in the format string
d:\facultate\an iii\semester 2\image processing\opencvapplication-vs2017_ocv340_basic\opencvapplication.cpp(5293): warning C4101: 'neighbors': unreferenced local variable
  Generating code
  4 of 1192 functions ( 0.3%) were compiled, the rest were copied from previous compilation.
    0 functions were new in current compilation
    23 functions had inline decision re-evaluated but remain unchanged
  Finished generating code
  OpenCVApplication.vcxproj -> D:\Facultate\AN III\Semester 2\Image Processing\OpenCVApplication-VS2017_OCV340_basic\x64\Release\OpenCVApplication.exe
  OpenCV\dll\Release\opencv_ffmpeg340_64.dll
  OpenCV\dll\Release\opencv_world340.dll
          2 file(s) copied.
